2019-03-17 11:47:33,518 [Worker-74] INFO  o.e.m.c.i.l.LifecycleMappingFactory - Using org.eclipse.m2e.jdt.JarLifecycleMapping lifecycle mapping for MavenProject: Maven:Maven:0.0.1-SNAPSHOT @ D:\Shwetha\Maven\pom.xml.
2019-03-17 11:47:36,030 [Worker-74] INFO  o.e.m.j.i.AbstractJavaProjectConfigurator - Adding source folder /Maven/src/main/java
2019-03-17 11:47:36,032 [Worker-74] INFO  o.e.m.j.i.AbstractJavaProjectConfigurator - Adding resource folder /Maven/src/main/resources
2019-03-17 11:47:36,033 [Worker-74] INFO  o.e.m.j.i.AbstractJavaProjectConfigurator - Adding source folder /Maven/src/test/java
2019-03-17 11:47:36,033 [Worker-74] INFO  o.e.m.j.i.AbstractJavaProjectConfigurator - Adding resource folder /Maven/src/test/resources
2019-03-17 11:47:36,824 [Worker-82] WARN  o.e.m.c.i.embedder.EclipseLogger - Using platform encoding (Cp1252 actually) to copy filtered resources, i.e. build is platform dependent!
2019-03-17 11:47:36,832 [Worker-82] INFO  o.e.m.c.i.embedder.EclipseLogger - Copying 0 resource
2019-03-17 11:47:36,835 [Worker-82] WARN  o.e.m.c.i.embedder.EclipseLogger - Using platform encoding (Cp1252 actually) to copy filtered resources, i.e. build is platform dependent!
2019-03-17 11:47:36,837 [Worker-82] INFO  o.e.m.c.i.embedder.EclipseLogger - Copying 0 resource
2019-03-17 11:48:13,139 [Worker-82] INFO  o.e.m.c.i.l.LifecycleMappingFactory - Using org.eclipse.m2e.jdt.JarLifecycleMapping lifecycle mapping for MavenProject: Maven:Maven:0.0.1-SNAPSHOT @ D:\Shwetha\Maven\pom.xml.
2019-03-17 11:48:13,769 [Worker-82] WARN  o.e.m.c.i.embedder.EclipseLogger - Using platform encoding (Cp1252 actually) to copy filtered resources, i.e. build is platform dependent!
2019-03-17 11:48:13,772 [Worker-82] INFO  o.e.m.c.i.embedder.EclipseLogger - Copying 0 resource
2019-03-17 11:48:13,774 [Worker-82] WARN  o.e.m.c.i.embedder.EclipseLogger - Using platform encoding (Cp1252 actually) to copy filtered resources, i.e. build is platform dependent!
2019-03-17 11:48:13,775 [Worker-82] INFO  o.e.m.c.i.embedder.EclipseLogger - Copying 0 resource
2019-03-17 11:49:32,191 [Worker-59] WARN  o.e.m.c.i.embedder.EclipseLogger - Using platform encoding (Cp1252 actually) to copy filtered resources, i.e. build is platform dependent!
2019-03-17 11:49:32,193 [Worker-59] INFO  o.e.m.c.i.embedder.EclipseLogger - Copying 0 resource
2019-03-17 11:49:32,195 [Worker-59] WARN  o.e.m.c.i.embedder.EclipseLogger - Using platform encoding (Cp1252 actually) to copy filtered resources, i.e. build is platform dependent!
2019-03-17 11:49:32,198 [Worker-59] INFO  o.e.m.c.i.embedder.EclipseLogger - Copying 0 resource
2019-03-17 11:49:40,796 [Worker-84] WARN  o.e.m.c.i.embedder.EclipseLogger - Using platform encoding (Cp1252 actually) to copy filtered resources, i.e. build is platform dependent!
2019-03-17 11:49:40,797 [Worker-84] INFO  o.e.m.c.i.embedder.EclipseLogger - Copying 0 resource
2019-03-17 11:49:40,798 [Worker-84] WARN  o.e.m.c.i.embedder.EclipseLogger - Using platform encoding (Cp1252 actually) to copy filtered resources, i.e. build is platform dependent!
2019-03-17 11:49:40,799 [Worker-84] INFO  o.e.m.c.i.embedder.EclipseLogger - Copying 0 resource
2019-03-17 11:49:58,901 [Worker-82] WARN  o.e.m.c.i.embedder.EclipseLogger - Using platform encoding (Cp1252 actually) to copy filtered resources, i.e. build is platform dependent!
2019-03-17 11:49:58,902 [Worker-82] INFO  o.e.m.c.i.embedder.EclipseLogger - Copying 0 resource
2019-03-17 11:49:58,904 [Worker-82] WARN  o.e.m.c.i.embedder.EclipseLogger - Using platform encoding (Cp1252 actually) to copy filtered resources, i.e. build is platform dependent!
2019-03-17 11:49:58,905 [Worker-82] INFO  o.e.m.c.i.embedder.EclipseLogger - Copying 0 resource
2019-03-17 11:54:20,183 [Worker-59] WARN  o.e.m.c.i.embedder.EclipseLogger - Using platform encoding (Cp1252 actually) to copy filtered resources, i.e. build is platform dependent!
2019-03-17 11:54:20,214 [Worker-59] INFO  o.e.m.c.i.embedder.EclipseLogger - Copying 0 resource
2019-03-17 11:54:20,216 [Worker-59] WARN  o.e.m.c.i.embedder.EclipseLogger - Using platform encoding (Cp1252 actually) to copy filtered resources, i.e. build is platform dependent!
2019-03-17 11:54:20,221 [Worker-59] INFO  o.e.m.c.i.embedder.EclipseLogger - Copying 0 resource
2019-03-17 11:54:42,767 [Worker-87] WARN  o.e.m.c.i.embedder.EclipseLogger - Using platform encoding (Cp1252 actually) to copy filtered resources, i.e. build is platform dependent!
2019-03-17 11:54:42,768 [Worker-87] INFO  o.e.m.c.i.embedder.EclipseLogger - Copying 0 resource
2019-03-17 11:54:42,769 [Worker-87] WARN  o.e.m.c.i.embedder.EclipseLogger - Using platform encoding (Cp1252 actually) to copy filtered resources, i.e. build is platform dependent!
2019-03-17 11:54:42,773 [Worker-87] INFO  o.e.m.c.i.embedder.EclipseLogger - Copying 0 resource
2019-03-17 11:54:56,964 [Worker-89] INFO  o.e.m.c.i.l.LifecycleMappingFactory - Using org.eclipse.m2e.jdt.JarLifecycleMapping lifecycle mapping for MavenProject: Maven:Maven:0.0.1-SNAPSHOT @ D:\Shwetha\Maven\pom.xml.
2019-03-17 11:55:04,264 [Worker-89] WARN  o.e.m.c.i.embedder.EclipseLogger - Using platform encoding (Cp1252 actually) to copy filtered resources, i.e. build is platform dependent!
2019-03-17 11:55:04,266 [Worker-89] INFO  o.e.m.c.i.embedder.EclipseLogger - Copying 0 resource
2019-03-17 11:55:04,269 [Worker-89] WARN  o.e.m.c.i.embedder.EclipseLogger - Using platform encoding (Cp1252 actually) to copy filtered resources, i.e. build is platform dependent!
2019-03-17 11:55:04,272 [Worker-89] INFO  o.e.m.c.i.embedder.EclipseLogger - Copying 0 resource
2019-03-17 11:55:07,740 [Worker-88] WARN  o.e.m.c.i.embedder.EclipseLogger - Using platform encoding (Cp1252 actually) to copy filtered resources, i.e. build is platform dependent!
2019-03-17 11:55:07,742 [Worker-88] INFO  o.e.m.c.i.embedder.EclipseLogger - Copying 0 resource
2019-03-17 11:55:07,744 [Worker-88] WARN  o.e.m.c.i.embedder.EclipseLogger - Using platform encoding (Cp1252 actually) to copy filtered resources, i.e. build is platform dependent!
2019-03-17 11:55:07,746 [Worker-88] INFO  o.e.m.c.i.embedder.EclipseLogger - Copying 0 resource
2019-03-17 11:56:07,642 [Worker-85] WARN  o.e.m.c.i.embedder.EclipseLogger - Using platform encoding (Cp1252 actually) to copy filtered resources, i.e. build is platform dependent!
2019-03-17 11:56:07,650 [Worker-85] INFO  o.e.m.c.i.embedder.EclipseLogger - Copying 0 resource
2019-03-17 11:56:07,651 [Worker-85] WARN  o.e.m.c.i.embedder.EclipseLogger - Using platform encoding (Cp1252 actually) to copy filtered resources, i.e. build is platform dependent!
2019-03-17 11:56:07,652 [Worker-85] INFO  o.e.m.c.i.embedder.EclipseLogger - Copying 0 resource
2019-03-17 11:58:28,304 [Worker-89] INFO  o.e.m.c.i.l.LifecycleMappingFactory - Using org.eclipse.m2e.jdt.JarLifecycleMapping lifecycle mapping for MavenProject: Maven:Maven:0.0.1-SNAPSHOT @ D:\Shwetha\Maven\pom.xml.
2019-03-17 11:58:32,105 [Worker-89] WARN  o.e.m.c.i.embedder.EclipseLogger - Using platform encoding (Cp1252 actually) to copy filtered resources, i.e. build is platform dependent!
2019-03-17 11:58:32,107 [Worker-89] INFO  o.e.m.c.i.embedder.EclipseLogger - Copying 0 resource
2019-03-17 11:58:32,109 [Worker-89] WARN  o.e.m.c.i.embedder.EclipseLogger - Using platform encoding (Cp1252 actually) to copy filtered resources, i.e. build is platform dependent!
2019-03-17 11:58:32,110 [Worker-89] INFO  o.e.m.c.i.embedder.EclipseLogger - Copying 0 resource
2019-03-17 11:58:39,427 [Worker-83] INFO  o.e.m.i.launch.MavenLaunchDelegate - D:\Shwetha\Maven
2019-03-17 11:58:39,428 [Worker-83] INFO  o.e.m.i.launch.MavenLaunchDelegate -  mvn  -B clean
2019-03-17 11:58:43,089 [Worker-85] WARN  o.e.m.c.i.embedder.EclipseLogger - Using platform encoding (Cp1252 actually) to copy filtered resources, i.e. build is platform dependent!
2019-03-17 11:58:43,092 [Worker-85] INFO  o.e.m.c.i.embedder.EclipseLogger - Copying 0 resource
2019-03-17 11:58:43,096 [Worker-85] WARN  o.e.m.c.i.embedder.EclipseLogger - Using platform encoding (Cp1252 actually) to copy filtered resources, i.e. build is platform dependent!
2019-03-17 11:58:43,100 [Worker-85] INFO  o.e.m.c.i.embedder.EclipseLogger - Copying 0 resource
2019-03-17 11:59:07,000 [Worker-85] INFO  o.e.m.i.launch.MavenLaunchDelegate - D:\Shwetha\Maven
2019-03-17 11:59:07,000 [Worker-85] INFO  o.e.m.i.launch.MavenLaunchDelegate -  mvn  -B install
2019-03-17 11:59:40,497 [Worker-85] INFO  o.e.m.c.i.l.LifecycleMappingFactory - Using org.eclipse.m2e.jdt.JarLifecycleMapping lifecycle mapping for MavenProject: Maven:Maven:0.0.1-SNAPSHOT @ D:\Shwetha\Maven\pom.xml.
2019-03-17 11:59:42,823 [Worker-85] WARN  o.e.m.c.i.embedder.EclipseLogger - Using platform encoding (Cp1252 actually) to copy filtered resources, i.e. build is platform dependent!
2019-03-17 11:59:42,825 [Worker-85] INFO  o.e.m.c.i.embedder.EclipseLogger - Copying 0 resource
2019-03-17 11:59:42,826 [Worker-85] WARN  o.e.m.c.i.embedder.EclipseLogger - Using platform encoding (Cp1252 actually) to copy filtered resources, i.e. build is platform dependent!
2019-03-17 11:59:42,827 [Worker-85] INFO  o.e.m.c.i.embedder.EclipseLogger - Copying 0 resource
2019-03-17 11:59:45,733 [Worker-85] WARN  o.e.m.c.i.embedder.EclipseLogger - Using platform encoding (Cp1252 actually) to copy filtered resources, i.e. build is platform dependent!
2019-03-17 11:59:45,734 [Worker-85] INFO  o.e.m.c.i.embedder.EclipseLogger - Copying 0 resource
2019-03-17 11:59:45,736 [Worker-85] WARN  o.e.m.c.i.embedder.EclipseLogger - Using platform encoding (Cp1252 actually) to copy filtered resources, i.e. build is platform dependent!
2019-03-17 11:59:45,737 [Worker-85] INFO  o.e.m.c.i.embedder.EclipseLogger - Copying 0 resource
2019-03-17 11:59:50,975 [Worker-91] INFO  o.e.m.i.launch.MavenLaunchDelegate - D:\Shwetha\Maven
2019-03-17 11:59:50,975 [Worker-91] INFO  o.e.m.i.launch.MavenLaunchDelegate -  mvn  -B install
2019-03-17 12:00:03,963 [Worker-83] WARN  o.e.m.c.i.embedder.EclipseLogger - Using platform encoding (Cp1252 actually) to copy filtered resources, i.e. build is platform dependent!
2019-03-17 12:00:03,964 [Worker-83] INFO  o.e.m.c.i.embedder.EclipseLogger - Copying 0 resource
2019-03-17 12:00:03,965 [Worker-83] WARN  o.e.m.c.i.embedder.EclipseLogger - Using platform encoding (Cp1252 actually) to copy filtered resources, i.e. build is platform dependent!
2019-03-17 12:00:03,966 [Worker-83] INFO  o.e.m.c.i.embedder.EclipseLogger - Copying 0 resource
2019-03-17 12:00:24,485 [Worker-91] WARN  o.e.m.c.i.embedder.EclipseLogger - Using platform encoding (Cp1252 actually) to copy filtered resources, i.e. build is platform dependent!
2019-03-17 12:00:24,486 [Worker-91] INFO  o.e.m.c.i.embedder.EclipseLogger - Copying 0 resource
2019-03-17 12:00:24,488 [Worker-91] WARN  o.e.m.c.i.embedder.EclipseLogger - Using platform encoding (Cp1252 actually) to copy filtered resources, i.e. build is platform dependent!
2019-03-17 12:00:24,490 [Worker-91] INFO  o.e.m.c.i.embedder.EclipseLogger - Copying 0 resource
2019-03-17 12:00:32,507 [Worker-85] INFO  o.e.m.i.launch.MavenLaunchDelegate - D:\Shwetha\Maven
2019-03-17 12:00:32,507 [Worker-85] INFO  o.e.m.i.launch.MavenLaunchDelegate -  mvn  -B test
2019-03-17 12:01:07,012 [Worker-89] WARN  o.e.m.c.i.embedder.EclipseLogger - Using platform encoding (Cp1252 actually) to copy filtered resources, i.e. build is platform dependent!
2019-03-17 12:01:07,013 [Worker-89] INFO  o.e.m.c.i.embedder.EclipseLogger - Copying 0 resource
2019-03-17 12:01:07,015 [Worker-89] WARN  o.e.m.c.i.embedder.EclipseLogger - Using platform encoding (Cp1252 actually) to copy filtered resources, i.e. build is platform dependent!
2019-03-17 12:01:07,016 [Worker-89] INFO  o.e.m.c.i.embedder.EclipseLogger - Copying 0 resource
2019-03-17 13:01:31,543 [Worker-85] WARN  o.e.m.c.i.embedder.EclipseLogger - Using platform encoding (Cp1252 actually) to copy filtered resources, i.e. build is platform dependent!
2019-03-17 13:01:31,565 [Worker-85] INFO  o.e.m.c.i.embedder.EclipseLogger - Copying 0 resource
2019-03-17 13:01:31,566 [Worker-85] WARN  o.e.m.c.i.embedder.EclipseLogger - Using platform encoding (Cp1252 actually) to copy filtered resources, i.e. build is platform dependent!
2019-03-17 13:01:31,567 [Worker-85] INFO  o.e.m.c.i.embedder.EclipseLogger - Copying 0 resource
2019-03-17 13:01:40,536 [Worker-103] INFO  o.e.m.c.i.p.ProjectConfigurationManager - Update started
2019-03-17 13:01:41,563 [Worker-103] INFO  o.e.m.c.i.l.LifecycleMappingFactory - Using org.eclipse.m2e.jdt.JarLifecycleMapping lifecycle mapping for MavenProject: Maven:Maven:0.0.1-SNAPSHOT @ D:\Shwetha\Maven\pom.xml.
2019-03-17 13:01:44,175 [Worker-103] INFO  o.e.m.j.i.AbstractJavaProjectConfigurator - Adding source folder /Maven/src/main/java
2019-03-17 13:01:44,176 [Worker-103] INFO  o.e.m.j.i.AbstractJavaProjectConfigurator - Adding resource folder /Maven/src/main/resources
2019-03-17 13:01:44,176 [Worker-103] INFO  o.e.m.j.i.AbstractJavaProjectConfigurator - Adding source folder /Maven/src/test/java
2019-03-17 13:01:44,176 [Worker-103] INFO  o.e.m.j.i.AbstractJavaProjectConfigurator - Adding resource folder /Maven/src/test/resources
2019-03-17 13:01:44,627 [Worker-103] INFO  o.e.m.c.i.p.ProjectConfigurationManager - Update completed: 4 sec
2019-03-17 13:01:46,352 [Worker-85] WARN  o.e.m.c.i.embedder.EclipseLogger - Using platform encoding (Cp1252 actually) to copy filtered resources, i.e. build is platform dependent!
2019-03-17 13:01:46,354 [Worker-85] INFO  o.e.m.c.i.embedder.EclipseLogger - Copying 0 resource
2019-03-17 13:01:46,356 [Worker-85] WARN  o.e.m.c.i.embedder.EclipseLogger - Using platform encoding (Cp1252 actually) to copy filtered resources, i.e. build is platform dependent!
2019-03-17 13:01:46,357 [Worker-85] INFO  o.e.m.c.i.embedder.EclipseLogger - Copying 0 resource
2019-05-15 14:48:58,056 [Worker-8] WARN  o.e.m.c.i.embedder.EclipseLogger - Using platform encoding (Cp1252 actually) to copy filtered resources, i.e. build is platform dependent!
2019-05-15 14:48:58,084 [Worker-8] INFO  o.e.m.c.i.embedder.EclipseLogger - Copying 0 resource
2019-05-15 14:48:58,093 [Worker-8] WARN  o.e.m.c.i.embedder.EclipseLogger - Using platform encoding (Cp1252 actually) to copy filtered resources, i.e. build is platform dependent!
2019-05-15 14:48:58,096 [Worker-8] INFO  o.e.m.c.i.embedder.EclipseLogger - Copying 0 resource
